Logfile initialized
[INFO] logfile = C:\Users\Marcus\My Documents\Titanium Studio Workspace\mcps-app\build.log
[DEBUG] C:\Users\Marcus\AppData\Roaming\Titanium\mobilesdk\win32\2.0.1.GA2\android\builder.py simulator Milwaukee Parks C:\Program Files (x86)\Android\android-sdk C:\Users\Marcus\My Documents\Titanium Studio Workspace\mcps-app com.countyparks.mobileapp 4 WVGA800
[INFO] Building Milwaukee Parks for Android ... one moment
[INFO] Titanium SDK version: 2.0.1 (04/12/12 16:33 999c68a)
[DEBUG] Waiting for device to be ready ...
[TRACE] adb devices returned 1 devices/emulators
[DEBUG] Device connected... (waited 0 seconds)
[DEBUG] waited 0.023000 seconds on emulator to get ready
[DEBUG] com.countyparks.mobileapp installed? True
[INFO] Fastdev server running, deploying in Fastdev mode
[INFO] Copying CommonJS modules...
[INFO] Copying project resources..
[TRACE] COPYING MODIFIED FILE: C:\Users\Marcus\My Documents\Titanium Studio Workspace\mcps-app\Resources\fb.js => C:\Users\Marcus\My Documents\Titanium Studio Workspace\mcps-app\build\android\bin\assets\Resources\fb.js
[INFO] Tiapp.xml unchanged, skipping class generation
[ERROR] Exception occured while building Android project:
[ERROR] Traceback (most recent call last):
[ERROR]   File "C:\Users\Marcus\AppData\Roaming\Titanium\mobilesdk\win32\2.0.1.GA2\android\builder.py", line 2119, in <module>
[ERROR]     s.build_and_run(False, avd_id, debugger_host=debugger_host)
[ERROR]   File "C:\Users\Marcus\AppData\Roaming\Titanium\mobilesdk\win32\2.0.1.GA2\android\builder.py", line 1886, in build_and_run
[ERROR]     self.merge_internal_module_resources()
[ERROR]   File "C:\Users\Marcus\AppData\Roaming\Titanium\mobilesdk\win32\2.0.1.GA2\android\builder.py", line 1651, in merge_internal_module_resources
[ERROR]     zip_extractall(res_zip_file, self.project_dir)
[ERROR]   File "C:\Users\Marcus\AppData\Roaming\Titanium\mobilesdk\win32\2.0.1.GA2\android\builder.py", line 93, in zip_extractall
[ERROR]     out_file = open(file_path, "wb")
[ERROR] IOError: [Errno 2] No such file or directory: 'C:\\Users\\Marcus\\My Documents\\Titanium Studio Workspace\\mcps-app\\build\\android\\res\\values\\strings.xml'
